[2025-06-16 12:09:42,729] INFO in middleware [D:\Dynamic Workflow\workflow-management-system\backend\app\middleware.py:27]: Request bcd583b6-9509-4f8b-abe1-1084d83a54a0: POST /api/auth/login from 127.0.0.1
[2025-06-16 12:09:42,790] INFO in database [D:\Dynamic Workflow\workflow-management-system\backend\app\database.py:31]: Connected to DB postgresql://postgres:CodeSD.com@localhost (connection open: True)
[2025-06-16 12:09:43,251] INFO in middleware [D:\Dynamic Workflow\workflow-management-system\backend\app\middleware.py:68]: Response bcd583b6-9509-4f8b-abe1-1084d83a54a0: 200 (0.523s)
[2025-06-16 12:10:10,640] INFO in __init__ [D:\Dynamic Workflow\workflow-management-system\backend\app\__init__.py:484]: Workflow Management System starting up
[2025-06-16 12:10:10,640] INFO in __init__ [D:\Dynamic Workflow\workflow-management-system\backend\app\__init__.py:485]: Environment: unknown
[2025-06-16 12:10:10,640] INFO in __init__ [D:\Dynamic Workflow\workflow-management-system\backend\app\__init__.py:486]: Log level: INFO
[2025-06-16 12:10:10,640] INFO in __init__ [D:\Dynamic Workflow\workflow-management-system\backend\app\__init__.py:487]: Logs directory: logs
[2025-06-16 12:10:16,091] INFO in middleware [D:\Dynamic Workflow\workflow-management-system\backend\app\middleware.py:27]: Request 9eb600d4-d5f6-4084-9e4d-3dbe205e0dad: POST /api/auth/login from 127.0.0.1
[2025-06-16 12:10:16,542] INFO in middleware [D:\Dynamic Workflow\workflow-management-system\backend\app\middleware.py:68]: Response 9eb600d4-d5f6-4084-9e4d-3dbe205e0dad: 200 (0.451s)
[2025-06-16 14:06:25,012] INFO in __init__ [D:\Dynamic Workflow\workflow-management-system\backend\app\__init__.py:484]: Workflow Management System starting up
[2025-06-16 14:06:25,012] INFO in __init__ [D:\Dynamic Workflow\workflow-management-system\backend\app\__init__.py:485]: Environment: unknown
[2025-06-16 14:06:25,012] INFO in __init__ [D:\Dynamic Workflow\workflow-management-system\backend\app\__init__.py:486]: Log level: INFO
[2025-06-16 14:06:25,012] INFO in __init__ [D:\Dynamic Workflow\workflow-management-system\backend\app\__init__.py:487]: Logs directory: logs
[2025-06-16 14:06:37,711] INFO in __init__ [D:\Dynamic Workflow\workflow-management-system\backend\app\__init__.py:484]: Workflow Management System starting up
[2025-06-16 14:06:37,711] INFO in __init__ [D:\Dynamic Workflow\workflow-management-system\backend\app\__init__.py:485]: Environment: unknown
[2025-06-16 14:06:37,711] INFO in __init__ [D:\Dynamic Workflow\workflow-management-system\backend\app\__init__.py:486]: Log level: INFO
[2025-06-16 14:06:37,711] INFO in __init__ [D:\Dynamic Workflow\workflow-management-system\backend\app\__init__.py:487]: Logs directory: logs
[2025-06-16 14:08:05,067] INFO in __init__ [D:\Dynamic Workflow\workflow-management-system\backend\app\__init__.py:484]: Workflow Management System starting up
[2025-06-16 14:08:05,067] INFO in __init__ [D:\Dynamic Workflow\workflow-management-system\backend\app\__init__.py:485]: Environment: unknown
[2025-06-16 14:08:05,067] INFO in __init__ [D:\Dynamic Workflow\workflow-management-system\backend\app\__init__.py:486]: Log level: INFO
[2025-06-16 14:08:05,067] INFO in __init__ [D:\Dynamic Workflow\workflow-management-system\backend\app\__init__.py:487]: Logs directory: logs
[2025-06-16 14:08:34,081] INFO in __init__ [D:\Dynamic Workflow\workflow-management-system\backend\app\__init__.py:484]: Workflow Management System starting up
[2025-06-16 14:08:34,081] INFO in __init__ [D:\Dynamic Workflow\workflow-management-system\backend\app\__init__.py:485]: Environment: unknown
[2025-06-16 14:08:34,081] INFO in __init__ [D:\Dynamic Workflow\workflow-management-system\backend\app\__init__.py:486]: Log level: INFO
[2025-06-16 14:08:34,081] INFO in __init__ [D:\Dynamic Workflow\workflow-management-system\backend\app\__init__.py:487]: Logs directory: logs
[2025-06-16 14:09:00,986] INFO in __init__ [D:\Dynamic Workflow\workflow-management-system\backend\app\__init__.py:484]: Workflow Management System starting up
[2025-06-16 14:09:00,986] INFO in __init__ [D:\Dynamic Workflow\workflow-management-system\backend\app\__init__.py:485]: Environment: unknown
[2025-06-16 14:09:00,986] INFO in __init__ [D:\Dynamic Workflow\workflow-management-system\backend\app\__init__.py:486]: Log level: INFO
[2025-06-16 14:09:00,986] INFO in __init__ [D:\Dynamic Workflow\workflow-management-system\backend\app\__init__.py:487]: Logs directory: logs
[2025-06-16 14:09:58,963] INFO in __init__ [D:\Dynamic Workflow\workflow-management-system\backend\app\__init__.py:484]: Workflow Management System starting up
[2025-06-16 14:09:58,963] INFO in __init__ [D:\Dynamic Workflow\workflow-management-system\backend\app\__init__.py:485]: Environment: unknown
[2025-06-16 14:09:58,963] INFO in __init__ [D:\Dynamic Workflow\workflow-management-system\backend\app\__init__.py:486]: Log level: INFO
[2025-06-16 14:09:58,963] INFO in __init__ [D:\Dynamic Workflow\workflow-management-system\backend\app\__init__.py:487]: Logs directory: logs
[2025-06-16 14:31:40,891] INFO in middleware [D:\Dynamic Workflow\workflow-management-system\backend\app\middleware.py:27]: Request da5bd0f9-801b-4c8f-a3a7-90c55f4344bf: POST /api/auth/login from 127.0.0.1
[2025-06-16 14:31:41,187] INFO in middleware [D:\Dynamic Workflow\workflow-management-system\backend\app\middleware.py:68]: Response da5bd0f9-801b-4c8f-a3a7-90c55f4344bf: 200 (0.296s)
[2025-06-16 14:38:40,672] INFO in middleware [D:\Dynamic Workflow\workflow-management-system\backend\app\middleware.py:27]: Request c411d397-2e72-4bd5-860b-190c243ceb2d: POST /api/workflows from 127.0.0.1
[2025-06-16 14:38:40,729] INFO in middleware [D:\Dynamic Workflow\workflow-management-system\backend\app\middleware.py:68]: Response c411d397-2e72-4bd5-860b-190c243ceb2d: 201 (0.057s) User: admin
[2025-06-16 14:40:20,125] INFO in middleware [D:\Dynamic Workflow\workflow-management-system\backend\app\middleware.py:27]: Request 16d9efa1-5873-40dd-a865-376cc12be429: POST /api/workflows/08465dfe-87b6-40d1-840c-53524ba10a5c/execute from 127.0.0.1
[2025-06-16 14:40:20,166] INFO in workflow_engine [D:\Dynamic Workflow\workflow-management-system\backend\app\services\workflow_engine.py:46]: Start first step is : {'id': 'submit_request', 'name': 'Submit Financial Request', 'type': 'task', 'isStart': True, 'position': {'x': 100, 'y': 200}, 'properties': {'formId': 'b3040d30-7ecf-43cb-ae61-09c4d32e28fe', 'assignee': '{{initiator}}', 'dueHours': 48, 'instructions': 'Provide detailed justification and supporting documents'}, 'description': 'Submit request for financial expenditure'} for instance 9f5dca9b-b8c5-479a-b8d3-fe07c579a8e3
[2025-06-16 14:40:20,174] INFO in workflow_engine [D:\Dynamic Workflow\workflow-management-system\backend\app\services\workflow_engine.py:151]: Executing step submit_request of type task for instance 9f5dca9b-b8c5-479a-b8d3-fe07c579a8e3
[2025-06-16 14:40:20,174] ERROR in workflow_engine [D:\Dynamic Workflow\workflow-management-system\backend\app\services\workflow_engine.py:175]: Step submit_request execution failed: insert or update on table "tasks" violates foreign key constraint "tasks_form_id_fkey"
DETAIL:  Key (form_id)=(b3040d30-7ecf-43cb-ae61-09c4d32e28fe) is not present in table "form_definitions".

[2025-06-16 14:40:20,182] ERROR in notification_service [D:\Dynamic Workflow\workflow-management-system\backend\app\services\notification_service.py:273]: Error sending notification: the JSON object must be str, bytes or bytearray, not dict
[2025-06-16 14:40:20,182] ERROR in workflow_engine [D:\Dynamic Workflow\workflow-management-system\backend\app\services\workflow_engine.py:375]: Workflow 9f5dca9b-b8c5-479a-b8d3-fe07c579a8e3 failed at step submit_request: insert or update on table "tasks" violates foreign key constraint "tasks_form_id_fkey"
DETAIL:  Key (form_id)=(b3040d30-7ecf-43cb-ae61-09c4d32e28fe) is not present in table "form_definitions".

[2025-06-16 14:40:20,182] ERROR in workflow_engine [D:\Dynamic Workflow\workflow-management-system\backend\app\services\workflow_engine.py:68]: Failed to execute workflow 08465dfe-87b6-40d1-840c-53524ba10a5c: insert or update on table "tasks" violates foreign key constraint "tasks_form_id_fkey"
DETAIL:  Key (form_id)=(b3040d30-7ecf-43cb-ae61-09c4d32e28fe) is not present in table "form_definitions".

[2025-06-16 14:40:20,182] ERROR in workflows [D:\Dynamic Workflow\workflow-management-system\backend\app\blueprints\workflows.py:248]: Error executing workflow 08465dfe-87b6-40d1-840c-53524ba10a5c: insert or update on table "tasks" violates foreign key constraint "tasks_form_id_fkey"
DETAIL:  Key (form_id)=(b3040d30-7ecf-43cb-ae61-09c4d32e28fe) is not present in table "form_definitions".

[2025-06-16 14:40:20,182] INFO in middleware [D:\Dynamic Workflow\workflow-management-system\backend\app\middleware.py:68]: Response 16d9efa1-5873-40dd-a865-376cc12be429: 500 (0.057s) User: admin
[2025-06-16 14:40:52,829] INFO in middleware [D:\Dynamic Workflow\workflow-management-system\backend\app\middleware.py:27]: Request 6a4a88d8-e6a0-48e6-a063-3e4af8f10ef6: GET /api/forms from 127.0.0.1
[2025-06-16 14:40:52,869] INFO in middleware [D:\Dynamic Workflow\workflow-management-system\backend\app\middleware.py:68]: Response 6a4a88d8-e6a0-48e6-a063-3e4af8f10ef6: 200 (0.040s) User: admin
[2025-06-16 14:41:01,547] INFO in middleware [D:\Dynamic Workflow\workflow-management-system\backend\app\middleware.py:27]: Request 03983e31-5803-4ab1-a10a-66e8a6322dca: POST /api/forms from 127.0.0.1
[2025-06-16 14:41:01,588] INFO in middleware [D:\Dynamic Workflow\workflow-management-system\backend\app\middleware.py:68]: Response 03983e31-5803-4ab1-a10a-66e8a6322dca: 201 (0.041s) User: admin
[2025-06-16 14:41:58,813] INFO in middleware [D:\Dynamic Workflow\workflow-management-system\backend\app\middleware.py:27]: Request 2c536f89-3abd-4e99-afcb-d993bba9261b: POST /api/workflows/08465dfe-87b6-40d1-840c-53524ba10a5c/execute from 127.0.0.1
[2025-06-16 14:41:58,854] INFO in workflow_engine [D:\Dynamic Workflow\workflow-management-system\backend\app\services\workflow_engine.py:46]: Start first step is : {'id': 'submit_request', 'name': 'Submit Financial Request', 'type': 'task', 'isStart': True, 'position': {'x': 100, 'y': 200}, 'properties': {'formId': 'f0dada97-b944-4849-bbef-d10107b57666', 'assignee': '{{initiator}}', 'dueHours': 48, 'instructions': 'Provide detailed justification and supporting documents'}, 'description': 'Submit request for financial expenditure'} for instance 50ebbc34-284d-4368-9d5e-4aa9449b776c
[2025-06-16 14:41:58,855] INFO in workflow_engine [D:\Dynamic Workflow\workflow-management-system\backend\app\services\workflow_engine.py:151]: Executing step submit_request of type task for instance 50ebbc34-284d-4368-9d5e-4aa9449b776c
[2025-06-16 14:41:58,861] ERROR in notification_service [D:\Dynamic Workflow\workflow-management-system\backend\app\services\notification_service.py:273]: Error sending notification: the JSON object must be str, bytes or bytearray, not dict
[2025-06-16 14:41:58,861] INFO in workflow_engine [D:\Dynamic Workflow\workflow-management-system\backend\app\services\workflow_engine.py:705]: Created task 867a6168-715f-4f92-9808-afe9ba8685f9 assigned to 00000000-0000-0000-0000-000000000001 for step submit_request
[2025-06-16 14:41:58,862] INFO in workflow_engine [D:\Dynamic Workflow\workflow-management-system\backend\app\services\workflow_engine.py:56]: End of executed firs step is : {'id': 'submit_request', 'name': 'Submit Financial Request', 'type': 'task', 'isStart': True, 'position': {'x': 100, 'y': 200}, 'properties': {'formId': 'f0dada97-b944-4849-bbef-d10107b57666', 'assignee': '{{initiator}}', 'dueHours': 48, 'instructions': 'Provide detailed justification and supporting documents'}, 'description': 'Submit request for financial expenditure'} for instance 50ebbc34-284d-4368-9d5e-4aa9449b776c
[2025-06-16 14:41:58,865] INFO in middleware [D:\Dynamic Workflow\workflow-management-system\backend\app\middleware.py:68]: Response 2c536f89-3abd-4e99-afcb-d993bba9261b: 201 (0.052s) User: admin
[2025-06-16 14:50:36,215] INFO in __init__ [D:\Dynamic Workflow\workflow-management-system\backend\app\__init__.py:484]: Workflow Management System starting up
[2025-06-16 14:50:36,216] INFO in __init__ [D:\Dynamic Workflow\workflow-management-system\backend\app\__init__.py:485]: Environment: unknown
[2025-06-16 14:50:36,216] INFO in __init__ [D:\Dynamic Workflow\workflow-management-system\backend\app\__init__.py:486]: Log level: INFO
[2025-06-16 14:50:36,216] INFO in __init__ [D:\Dynamic Workflow\workflow-management-system\backend\app\__init__.py:487]: Logs directory: logs
[2025-06-16 14:53:50,065] INFO in __init__ [D:\Dynamic Workflow\workflow-management-system\backend\app\__init__.py:484]: Workflow Management System starting up
[2025-06-16 14:53:50,065] INFO in __init__ [D:\Dynamic Workflow\workflow-management-system\backend\app\__init__.py:485]: Environment: unknown
[2025-06-16 14:53:50,065] INFO in __init__ [D:\Dynamic Workflow\workflow-management-system\backend\app\__init__.py:486]: Log level: INFO
[2025-06-16 14:53:50,065] INFO in __init__ [D:\Dynamic Workflow\workflow-management-system\backend\app\__init__.py:487]: Logs directory: logs
[2025-06-16 14:53:59,955] INFO in middleware [D:\Dynamic Workflow\workflow-management-system\backend\app\middleware.py:27]: Request b7efc4ff-5ad1-4dc4-a5e5-7584bcf85307: GET /api/tasks from 127.0.0.1
[2025-06-16 14:54:00,025] INFO in middleware [D:\Dynamic Workflow\workflow-management-system\backend\app\middleware.py:68]: Response b7efc4ff-5ad1-4dc4-a5e5-7584bcf85307: 200 (0.070s) User: admin
[2025-06-16 14:54:28,017] INFO in middleware [D:\Dynamic Workflow\workflow-management-system\backend\app\middleware.py:27]: Request bb870bce-b695-4b33-b060-522a1422df54: GET /api/tasks/c4e35a78-9a37-4ab5-ba7e-f87aa22ba68c from 127.0.0.1
[2025-06-16 14:54:28,055] INFO in middleware [D:\Dynamic Workflow\workflow-management-system\backend\app\middleware.py:68]: Response bb870bce-b695-4b33-b060-522a1422df54: 404 (0.038s) User: admin
[2025-06-16 14:54:46,087] INFO in middleware [D:\Dynamic Workflow\workflow-management-system\backend\app\middleware.py:27]: Request ddef27f6-d3e7-4760-b430-6d514fdceb4a: GET /api/tasks/867a6168-715f-4f92-9808-afe9ba8685f9 from 127.0.0.1
[2025-06-16 14:54:46,129] INFO in middleware [D:\Dynamic Workflow\workflow-management-system\backend\app\middleware.py:68]: Response ddef27f6-d3e7-4760-b430-6d514fdceb4a: 200 (0.042s) User: admin
[2025-06-16 14:55:53,290] INFO in middleware [D:\Dynamic Workflow\workflow-management-system\backend\app\middleware.py:27]: Request 2a2a65ae-fb42-4e9e-81c8-6bea77fc8b2e: GET /api/forms from 127.0.0.1
[2025-06-16 14:55:53,329] INFO in middleware [D:\Dynamic Workflow\workflow-management-system\backend\app\middleware.py:68]: Response 2a2a65ae-fb42-4e9e-81c8-6bea77fc8b2e: 200 (0.040s) User: admin
[2025-06-16 14:57:11,855] INFO in middleware [D:\Dynamic Workflow\workflow-management-system\backend\app\middleware.py:27]: Request 6f73709c-b747-4feb-bbc5-5b2fb8557772: POST /api/tasks/867a6168-715f-4f92-9808-afe9ba8685f9/complete from 127.0.0.1
[2025-06-16 14:57:11,929] INFO in tasks [D:\Dynamic Workflow\workflow-management-system\backend\app\blueprints\tasks.py:693]: Created form response ef67253f-3d7f-4169-b6cb-bd117764c2fb for task 867a6168-715f-4f92-9808-afe9ba8685f9
[2025-06-16 14:57:11,938] INFO in tasks [D:\Dynamic Workflow\workflow-management-system\backend\app\blueprints\tasks.py:716]: Task 867a6168-715f-4f92-9808-afe9ba8685f9 marked as completed by user 00000000-0000-0000-0000-000000000001
[2025-06-16 14:57:11,938] ERROR in workflow_engine [D:\Dynamic Workflow\workflow-management-system\backend\app\services\workflow_engine.py:139]: Failed to complete task 867a6168-715f-4f92-9808-afe9ba8685f9: Task 867a6168-715f-4f92-9808-afe9ba8685f9 is not in pending status
[2025-06-16 14:57:11,938] ERROR in tasks [D:\Dynamic Workflow\workflow-management-system\backend\app\blueprints\tasks.py:728]: Error in workflow engine for task 867a6168-715f-4f92-9808-afe9ba8685f9: Task 867a6168-715f-4f92-9808-afe9ba8685f9 is not in pending status
[2025-06-16 14:57:11,941] INFO in middleware [D:\Dynamic Workflow\workflow-management-system\backend\app\middleware.py:68]: Response 6f73709c-b747-4feb-bbc5-5b2fb8557772: 200 (0.086s) User: admin
[2025-06-16 16:30:25,390] INFO in __init__ [D:\Dynamic Workflow\workflow-management-system\backend\app\__init__.py:484]: Workflow Management System starting up
[2025-06-16 16:30:25,390] INFO in __init__ [D:\Dynamic Workflow\workflow-management-system\backend\app\__init__.py:485]: Environment: unknown
[2025-06-16 16:30:25,390] INFO in __init__ [D:\Dynamic Workflow\workflow-management-system\backend\app\__init__.py:486]: Log level: INFO
[2025-06-16 16:30:25,390] INFO in __init__ [D:\Dynamic Workflow\workflow-management-system\backend\app\__init__.py:487]: Logs directory: logs
[2025-06-16 16:32:05,559] INFO in __init__ [D:\Dynamic Workflow\workflow-management-system\backend\app\__init__.py:484]: Workflow Management System starting up
[2025-06-16 16:32:05,559] INFO in __init__ [D:\Dynamic Workflow\workflow-management-system\backend\app\__init__.py:485]: Environment: unknown
[2025-06-16 16:32:05,559] INFO in __init__ [D:\Dynamic Workflow\workflow-management-system\backend\app\__init__.py:486]: Log level: INFO
[2025-06-16 16:32:05,559] INFO in __init__ [D:\Dynamic Workflow\workflow-management-system\backend\app\__init__.py:487]: Logs directory: logs
[2025-06-16 16:37:30,609] INFO in __init__ [D:\Dynamic Workflow\workflow-management-system\backend\app\__init__.py:484]: Workflow Management System starting up
[2025-06-16 16:37:30,609] INFO in __init__ [D:\Dynamic Workflow\workflow-management-system\backend\app\__init__.py:485]: Environment: unknown
[2025-06-16 16:37:30,610] INFO in __init__ [D:\Dynamic Workflow\workflow-management-system\backend\app\__init__.py:486]: Log level: INFO
[2025-06-16 16:37:30,610] INFO in __init__ [D:\Dynamic Workflow\workflow-management-system\backend\app\__init__.py:487]: Logs directory: logs
[2025-06-16 16:41:10,689] INFO in __init__ [D:\Dynamic Workflow\workflow-management-system\backend\app\__init__.py:484]: Workflow Management System starting up
[2025-06-16 16:41:10,689] INFO in __init__ [D:\Dynamic Workflow\workflow-management-system\backend\app\__init__.py:485]: Environment: unknown
[2025-06-16 16:41:10,689] INFO in __init__ [D:\Dynamic Workflow\workflow-management-system\backend\app\__init__.py:486]: Log level: INFO
[2025-06-16 16:41:10,689] INFO in __init__ [D:\Dynamic Workflow\workflow-management-system\backend\app\__init__.py:487]: Logs directory: logs
[2025-06-16 16:41:11,229] INFO in __init__ [D:\Dynamic Workflow\workflow-management-system\backend\app\__init__.py:484]: Workflow Management System starting up
[2025-06-16 16:41:11,229] INFO in __init__ [D:\Dynamic Workflow\workflow-management-system\backend\app\__init__.py:485]: Environment: unknown
[2025-06-16 16:41:11,229] INFO in __init__ [D:\Dynamic Workflow\workflow-management-system\backend\app\__init__.py:486]: Log level: INFO
[2025-06-16 16:41:11,229] INFO in __init__ [D:\Dynamic Workflow\workflow-management-system\backend\app\__init__.py:487]: Logs directory: logs
[2025-06-16 16:42:19,009] INFO in middleware [D:\Dynamic Workflow\workflow-management-system\backend\app\middleware.py:27]: Request b55e77b7-acf5-4c62-a502-4e912d3e990b: POST /api/workflows from 127.0.0.1
[2025-06-16 16:42:19,099] INFO in middleware [D:\Dynamic Workflow\workflow-management-system\backend\app\middleware.py:68]: Response b55e77b7-acf5-4c62-a502-4e912d3e990b: 400 (0.090s) User: admin
[2025-06-16 16:46:28,054] INFO in middleware [D:\Dynamic Workflow\workflow-management-system\backend\app\middleware.py:27]: Request 4966b184-d87d-4ee1-a64a-aeb3d444c413: POST /api/workflows from 127.0.0.1
[2025-06-16 16:46:28,106] INFO in middleware [D:\Dynamic Workflow\workflow-management-system\backend\app\middleware.py:68]: Response 4966b184-d87d-4ee1-a64a-aeb3d444c413: 201 (0.052s) User: admin
[2025-06-16 16:48:00,147] INFO in middleware [D:\Dynamic Workflow\workflow-management-system\backend\app\middleware.py:27]: Request d67d12ed-0954-4252-b7d0-ac9209189d44: POST /api/workflows/24638fa2-f520-4b71-ad76-e76e3f6d1049/execute from 127.0.0.1
[2025-06-16 16:48:00,188] INFO in workflow_engine [D:\Dynamic Workflow\workflow-management-system\backend\app\services\workflow_engine.py:46]: Start first step is : {'id': 'step_1', 'name': 'First Task', 'type': 'task', 'isStart': True, 'properties': {'assignee': '{{initiator}}', 'dueHours': 24, 'priority': 'medium'}, 'description': 'Complete this task to trigger next step'} for instance a9e87061-4ffe-4f1f-b4de-e2bcf0fc2272
[2025-06-16 16:48:00,190] INFO in workflow_engine [D:\Dynamic Workflow\workflow-management-system\backend\app\services\workflow_engine.py:356]: Executing step step_1 of type task for instance a9e87061-4ffe-4f1f-b4de-e2bcf0fc2272
[2025-06-16 16:48:00,194] ERROR in notification_service [D:\Dynamic Workflow\workflow-management-system\backend\app\services\notification_service.py:273]: Error sending notification: the JSON object must be str, bytes or bytearray, not dict
[2025-06-16 16:48:00,195] INFO in workflow_engine [D:\Dynamic Workflow\workflow-management-system\backend\app\services\workflow_engine.py:910]: Created task 29e51a8f-db5a-49a6-a12f-3a9cdd5f123b assigned to 00000000-0000-0000-0000-000000000001 for step step_1
[2025-06-16 16:48:00,196] INFO in workflow_engine [D:\Dynamic Workflow\workflow-management-system\backend\app\services\workflow_engine.py:56]: End of executed firs step is : {'id': 'step_1', 'name': 'First Task', 'type': 'task', 'isStart': True, 'properties': {'assignee': '{{initiator}}', 'dueHours': 24, 'priority': 'medium'}, 'description': 'Complete this task to trigger next step'} for instance a9e87061-4ffe-4f1f-b4de-e2bcf0fc2272
[2025-06-16 16:48:00,199] INFO in middleware [D:\Dynamic Workflow\workflow-management-system\backend\app\middleware.py:68]: Response d67d12ed-0954-4252-b7d0-ac9209189d44: 201 (0.052s) User: admin
[2025-06-16 16:50:05,847] INFO in middleware [D:\Dynamic Workflow\workflow-management-system\backend\app\middleware.py:27]: Request 4f5df93a-efd5-4464-8cd7-de95f322acb3: GET /api/workflows/instances/a9e87061-4ffe-4f1f-b4de-e2bcf0fc2272 from 127.0.0.1
[2025-06-16 16:50:05,894] INFO in middleware [D:\Dynamic Workflow\workflow-management-system\backend\app\middleware.py:68]: Response 4f5df93a-efd5-4464-8cd7-de95f322acb3: 200 (0.047s) User: admin
[2025-06-16 16:53:22,927] INFO in middleware [D:\Dynamic Workflow\workflow-management-system\backend\app\middleware.py:27]: Request f8322e58-6a2a-45e9-a097-0bd0db05fe3c: POST /api/tasks/29e51a8f-db5a-49a6-a12f-3a9cdd5f123b/complete from 127.0.0.1
[2025-06-16 16:53:22,966] INFO in tasks [D:\Dynamic Workflow\workflow-management-system\backend\app\blueprints\tasks.py:611]: === COMPLETING TASK 29e51a8f-db5a-49a6-a12f-3a9cdd5f123b ===
[2025-06-16 16:53:22,966] INFO in tasks [D:\Dynamic Workflow\workflow-management-system\backend\app\blueprints\tasks.py:612]: User: 00000000-0000-0000-0000-000000000001, Data: {'result': {'decision': 'submitted', 'priority': 'high', 'notes': 'Urgent request for upcoming project deadline'}}
[2025-06-16 16:53:22,968] INFO in tasks [D:\Dynamic Workflow\workflow-management-system\backend\app\blueprints\tasks.py:624]: Task found: {'id': '29e51a8f-db5a-49a6-a12f-3a9cdd5f123b', 'status': 'pending', 'assigned_to': '00000000-0000-0000-0000-000000000001', 'form_id': None, 'workflow_instance_id': 'a9e87061-4ffe-4f1f-b4de-e2bcf0fc2272', 'step_id': 'step_1'}
[2025-06-16 16:53:23,098] INFO in tasks [D:\Dynamic Workflow\workflow-management-system\backend\app\blueprints\tasks.py:693]: Attempting to advance workflow...
[2025-06-16 16:53:23,098] INFO in workflow_engine [D:\Dynamic Workflow\workflow-management-system\backend\app\services\workflow_engine.py:77]: === STARTING TASK COMPLETION ===
[2025-06-16 16:53:23,098] INFO in workflow_engine [D:\Dynamic Workflow\workflow-management-system\backend\app\services\workflow_engine.py:78]: Task ID: 29e51a8f-db5a-49a6-a12f-3a9cdd5f123b
[2025-06-16 16:53:23,098] INFO in workflow_engine [D:\Dynamic Workflow\workflow-management-system\backend\app\services\workflow_engine.py:79]: Completed by: 00000000-0000-0000-0000-000000000001
[2025-06-16 16:53:23,098] INFO in workflow_engine [D:\Dynamic Workflow\workflow-management-system\backend\app\services\workflow_engine.py:80]: Result data: {'decision': 'submitted', 'priority': 'high', 'notes': 'Urgent request for upcoming project deadline'}
[2025-06-16 16:53:23,100] INFO in workflow_engine [D:\Dynamic Workflow\workflow-management-system\backend\app\services\workflow_engine.py:87]: Task found: RealDictRow({'id': '29e51a8f-db5a-49a6-a12f-3a9cdd5f123b', 'workflow_instance_id': 'a9e87061-4ffe-4f1f-b4de-e2bcf0fc2272', 'step_id': 'step_1', 'status': 'completed', 'assigned_to': '00000000-0000-0000-0000-000000000001'})
[2025-06-16 16:53:23,125] ERROR in tasks [D:\Dynamic Workflow\workflow-management-system\backend\app\blueprints\tasks.py:699]: Workflow advancement failed: Task 29e51a8f-db5a-49a6-a12f-3a9cdd5f123b is not in pending status: completed
Traceback (most recent call last):
  File "D:\Dynamic Workflow\workflow-management-system\backend\app\blueprints\tasks.py", line 694, in complete_task
    WorkflowEngine.complete_task(task_id, result_data, user_id)
  File "D:\Dynamic Workflow\workflow-management-system\backend\app\services\workflow_engine.py", line 90, in complete_task
    raise ValueError(f"Task {task_id} is not in pending status: {task['status']}")
ValueError: Task 29e51a8f-db5a-49a6-a12f-3a9cdd5f123b is not in pending status: completed
[2025-06-16 16:53:23,137] INFO in middleware [D:\Dynamic Workflow\workflow-management-system\backend\app\middleware.py:68]: Response f8322e58-6a2a-45e9-a097-0bd0db05fe3c: 200 (0.211s) User: admin
[2025-06-16 17:00:00,705] INFO in __init__ [D:\Dynamic Workflow\workflow-management-system\backend\app\__init__.py:484]: Workflow Management System starting up
[2025-06-16 17:00:00,706] INFO in __init__ [D:\Dynamic Workflow\workflow-management-system\backend\app\__init__.py:485]: Environment: unknown
[2025-06-16 17:00:00,706] INFO in __init__ [D:\Dynamic Workflow\workflow-management-system\backend\app\__init__.py:486]: Log level: INFO
[2025-06-16 17:00:00,706] INFO in __init__ [D:\Dynamic Workflow\workflow-management-system\backend\app\__init__.py:487]: Logs directory: logs
[2025-06-16 17:00:41,575] INFO in middleware [D:\Dynamic Workflow\workflow-management-system\backend\app\middleware.py:27]: Request a82faea4-367b-4a09-8ae1-3f20d3baa3d1: POST /api/tasks/29e51a8f-db5a-49a6-a12f-3a9cdd5f123b/complete from 127.0.0.1
[2025-06-16 17:00:41,654] INFO in tasks [D:\Dynamic Workflow\workflow-management-system\backend\app\blueprints\tasks.py:611]: === COMPLETING TASK 29e51a8f-db5a-49a6-a12f-3a9cdd5f123b ===
[2025-06-16 17:00:41,654] INFO in tasks [D:\Dynamic Workflow\workflow-management-system\backend\app\blueprints\tasks.py:612]: User: 00000000-0000-0000-0000-000000000001, Data: {'result': {'decision': 'submitted', 'priority': 'high', 'notes': 'Urgent request for upcoming project deadline'}}
[2025-06-16 17:00:41,670] INFO in tasks [D:\Dynamic Workflow\workflow-management-system\backend\app\blueprints\tasks.py:624]: Task found: {'id': '29e51a8f-db5a-49a6-a12f-3a9cdd5f123b', 'status': 'pending', 'assigned_to': '00000000-0000-0000-0000-000000000001', 'form_id': None, 'workflow_instance_id': 'a9e87061-4ffe-4f1f-b4de-e2bcf0fc2272', 'step_id': 'step_1'}
[2025-06-16 17:00:41,686] INFO in tasks [D:\Dynamic Workflow\workflow-management-system\backend\app\blueprints\tasks.py:693]: Attempting to advance workflow...
[2025-06-16 17:00:41,686] INFO in workflow_engine [D:\Dynamic Workflow\workflow-management-system\backend\app\services\workflow_engine.py:77]: === STARTING TASK COMPLETION ===
[2025-06-16 17:00:41,686] INFO in workflow_engine [D:\Dynamic Workflow\workflow-management-system\backend\app\services\workflow_engine.py:78]: Task ID: 29e51a8f-db5a-49a6-a12f-3a9cdd5f123b
[2025-06-16 17:00:41,686] INFO in workflow_engine [D:\Dynamic Workflow\workflow-management-system\backend\app\services\workflow_engine.py:79]: Completed by: 00000000-0000-0000-0000-000000000001
[2025-06-16 17:00:41,686] INFO in workflow_engine [D:\Dynamic Workflow\workflow-management-system\backend\app\services\workflow_engine.py:80]: Result data: {'decision': 'submitted', 'priority': 'high', 'notes': 'Urgent request for upcoming project deadline'}
[2025-06-16 17:00:41,686] INFO in workflow_engine [D:\Dynamic Workflow\workflow-management-system\backend\app\services\workflow_engine.py:87]: Task found: RealDictRow({'id': '29e51a8f-db5a-49a6-a12f-3a9cdd5f123b', 'workflow_instance_id': 'a9e87061-4ffe-4f1f-b4de-e2bcf0fc2272', 'step_id': 'step_1', 'status': 'completed', 'assigned_to': '00000000-0000-0000-0000-000000000001'})
[2025-06-16 17:00:41,702] INFO in workflow_engine [D:\Dynamic Workflow\workflow-management-system\backend\app\services\workflow_engine.py:101]: Workflow instance: a9e87061-4ffe-4f1f-b4de-e2bcf0fc2272, Status: in_progress
[2025-06-16 17:00:41,702] INFO in workflow_engine [D:\Dynamic Workflow\workflow-management-system\backend\app\services\workflow_engine.py:108]: Workflow: Simple Test Workflow
[2025-06-16 17:00:41,702] INFO in workflow_engine [D:\Dynamic Workflow\workflow-management-system\backend\app\services\workflow_engine.py:116]: Workflow steps: ['step_1', 'step_2']
[2025-06-16 17:00:41,702] INFO in workflow_engine [D:\Dynamic Workflow\workflow-management-system\backend\app\services\workflow_engine.py:117]: Workflow transitions: []
[2025-06-16 17:00:41,749] ERROR in tasks [D:\Dynamic Workflow\workflow-management-system\backend\app\blueprints\tasks.py:699]: Workflow advancement failed: the JSON object must be str, bytes or bytearray, not dict
Traceback (most recent call last):
  File "D:\Dynamic Workflow\workflow-management-system\backend\app\blueprints\tasks.py", line 694, in complete_task
    WorkflowEngine.complete_task(task_id, result_data, user_id)
  File "D:\Dynamic Workflow\workflow-management-system\backend\app\services\workflow_engine.py", line 120, in complete_task
    workflow_data = json.loads(workflow_instance['data']) if workflow_instance['data'] else {}
                    ^^^^^^^^^^^^^^^^^^^^^^^^^^^^^^^^^^^^^
  File "C:\Users\Amier\AppData\Local\Programs\Python\Python312\Lib\json\__init__.py", line 339, in loads
    raise TypeError(f'the JSON object must be str, bytes or bytearray, '
TypeError: the JSON object must be str, bytes or bytearray, not dict
[2025-06-16 17:00:41,749] INFO in middleware [D:\Dynamic Workflow\workflow-management-system\backend\app\middleware.py:68]: Response a82faea4-367b-4a09-8ae1-3f20d3baa3d1: 200 (0.174s) User: admin
[2025-06-16 17:06:45,802] INFO in __init__ [D:\Dynamic Workflow\workflow-management-system\backend\app\__init__.py:484]: Workflow Management System starting up
[2025-06-16 17:06:45,802] INFO in __init__ [D:\Dynamic Workflow\workflow-management-system\backend\app\__init__.py:485]: Environment: unknown
[2025-06-16 17:06:45,802] INFO in __init__ [D:\Dynamic Workflow\workflow-management-system\backend\app\__init__.py:486]: Log level: INFO
[2025-06-16 17:06:45,802] INFO in __init__ [D:\Dynamic Workflow\workflow-management-system\backend\app\__init__.py:487]: Logs directory: logs
[2025-06-16 17:41:54,817] INFO in __init__ [D:\Dynamic Workflow\workflow-management-system\backend\app\__init__.py:484]: Workflow Management System starting up
[2025-06-16 17:41:54,817] INFO in __init__ [D:\Dynamic Workflow\workflow-management-system\backend\app\__init__.py:485]: Environment: unknown
[2025-06-16 17:41:54,817] INFO in __init__ [D:\Dynamic Workflow\workflow-management-system\backend\app\__init__.py:486]: Log level: INFO
[2025-06-16 17:41:54,817] INFO in __init__ [D:\Dynamic Workflow\workflow-management-system\backend\app\__init__.py:487]: Logs directory: logs
[2025-06-16 17:47:44,695] INFO in __init__ [D:\Dynamic Workflow\workflow-management-system\backend\app\__init__.py:484]: Workflow Management System starting up
[2025-06-16 17:47:44,695] INFO in __init__ [D:\Dynamic Workflow\workflow-management-system\backend\app\__init__.py:485]: Environment: unknown
[2025-06-16 17:47:44,695] INFO in __init__ [D:\Dynamic Workflow\workflow-management-system\backend\app\__init__.py:486]: Log level: INFO
[2025-06-16 17:47:44,695] INFO in __init__ [D:\Dynamic Workflow\workflow-management-system\backend\app\__init__.py:487]: Logs directory: logs
[2025-06-16 17:56:45,422] INFO in __init__ [D:\Dynamic Workflow\workflow-management-system\backend\app\__init__.py:484]: Workflow Management System starting up
[2025-06-16 17:56:45,422] INFO in __init__ [D:\Dynamic Workflow\workflow-management-system\backend\app\__init__.py:485]: Environment: unknown
[2025-06-16 17:56:45,422] INFO in __init__ [D:\Dynamic Workflow\workflow-management-system\backend\app\__init__.py:486]: Log level: INFO
[2025-06-16 17:56:45,422] INFO in __init__ [D:\Dynamic Workflow\workflow-management-system\backend\app\__init__.py:487]: Logs directory: logs
[2025-06-16 17:56:55,238] INFO in __init__ [D:\Dynamic Workflow\workflow-management-system\backend\app\__init__.py:484]: Workflow Management System starting up
[2025-06-16 17:56:55,238] INFO in __init__ [D:\Dynamic Workflow\workflow-management-system\backend\app\__init__.py:485]: Environment: unknown
[2025-06-16 17:56:55,238] INFO in __init__ [D:\Dynamic Workflow\workflow-management-system\backend\app\__init__.py:486]: Log level: INFO
[2025-06-16 17:56:55,238] INFO in __init__ [D:\Dynamic Workflow\workflow-management-system\backend\app\__init__.py:487]: Logs directory: logs
[2025-06-16 17:57:13,025] INFO in __init__ [D:\Dynamic Workflow\workflow-management-system\backend\app\__init__.py:484]: Workflow Management System starting up
[2025-06-16 17:57:13,030] INFO in __init__ [D:\Dynamic Workflow\workflow-management-system\backend\app\__init__.py:485]: Environment: unknown
[2025-06-16 17:57:13,030] INFO in __init__ [D:\Dynamic Workflow\workflow-management-system\backend\app\__init__.py:486]: Log level: INFO
[2025-06-16 17:57:13,030] INFO in __init__ [D:\Dynamic Workflow\workflow-management-system\backend\app\__init__.py:487]: Logs directory: logs
[2025-06-16 18:05:10,475] INFO in __init__ [D:\Dynamic Workflow\workflow-management-system\backend\app\__init__.py:484]: Workflow Management System starting up
[2025-06-16 18:05:10,475] INFO in __init__ [D:\Dynamic Workflow\workflow-management-system\backend\app\__init__.py:485]: Environment: unknown
[2025-06-16 18:05:10,475] INFO in __init__ [D:\Dynamic Workflow\workflow-management-system\backend\app\__init__.py:486]: Log level: INFO
[2025-06-16 18:05:10,475] INFO in __init__ [D:\Dynamic Workflow\workflow-management-system\backend\app\__init__.py:487]: Logs directory: logs
[2025-06-16 18:05:23,211] INFO in __init__ [D:\Dynamic Workflow\workflow-management-system\backend\app\__init__.py:484]: Workflow Management System starting up
[2025-06-16 18:05:23,211] INFO in __init__ [D:\Dynamic Workflow\workflow-management-system\backend\app\__init__.py:485]: Environment: unknown
[2025-06-16 18:05:23,211] INFO in __init__ [D:\Dynamic Workflow\workflow-management-system\backend\app\__init__.py:486]: Log level: INFO
[2025-06-16 18:05:23,211] INFO in __init__ [D:\Dynamic Workflow\workflow-management-system\backend\app\__init__.py:487]: Logs directory: logs
[2025-06-16 18:06:12,264] INFO in __init__ [D:\Dynamic Workflow\workflow-management-system\backend\app\__init__.py:484]: Workflow Management System starting up
[2025-06-16 18:06:12,264] INFO in __init__ [D:\Dynamic Workflow\workflow-management-system\backend\app\__init__.py:485]: Environment: unknown
[2025-06-16 18:06:12,264] INFO in __init__ [D:\Dynamic Workflow\workflow-management-system\backend\app\__init__.py:486]: Log level: INFO
[2025-06-16 18:06:12,264] INFO in __init__ [D:\Dynamic Workflow\workflow-management-system\backend\app\__init__.py:487]: Logs directory: logs
[2025-06-16 18:07:54,704] INFO in __init__ [D:\Dynamic Workflow\workflow-management-system\backend\app\__init__.py:484]: Workflow Management System starting up
[2025-06-16 18:07:54,704] INFO in __init__ [D:\Dynamic Workflow\workflow-management-system\backend\app\__init__.py:485]: Environment: unknown
[2025-06-16 18:07:54,704] INFO in __init__ [D:\Dynamic Workflow\workflow-management-system\backend\app\__init__.py:486]: Log level: INFO
[2025-06-16 18:07:54,704] INFO in __init__ [D:\Dynamic Workflow\workflow-management-system\backend\app\__init__.py:487]: Logs directory: logs
[2025-06-16 18:08:42,842] INFO in __init__ [D:\Dynamic Workflow\workflow-management-system\backend\app\__init__.py:484]: Workflow Management System starting up
[2025-06-16 18:08:42,842] INFO in __init__ [D:\Dynamic Workflow\workflow-management-system\backend\app\__init__.py:485]: Environment: unknown
[2025-06-16 18:08:42,842] INFO in __init__ [D:\Dynamic Workflow\workflow-management-system\backend\app\__init__.py:486]: Log level: INFO
[2025-06-16 18:08:42,842] INFO in __init__ [D:\Dynamic Workflow\workflow-management-system\backend\app\__init__.py:487]: Logs directory: logs
[2025-06-16 18:09:28,682] INFO in __init__ [D:\Dynamic Workflow\workflow-management-system\backend\app\__init__.py:484]: Workflow Management System starting up
[2025-06-16 18:09:28,682] INFO in __init__ [D:\Dynamic Workflow\workflow-management-system\backend\app\__init__.py:485]: Environment: unknown
[2025-06-16 18:09:28,682] INFO in __init__ [D:\Dynamic Workflow\workflow-management-system\backend\app\__init__.py:486]: Log level: INFO
[2025-06-16 18:09:28,682] INFO in __init__ [D:\Dynamic Workflow\workflow-management-system\backend\app\__init__.py:487]: Logs directory: logs
[2025-06-16 18:10:11,508] INFO in __init__ [D:\Dynamic Workflow\workflow-management-system\backend\app\__init__.py:484]: Workflow Management System starting up
[2025-06-16 18:10:11,508] INFO in __init__ [D:\Dynamic Workflow\workflow-management-system\backend\app\__init__.py:485]: Environment: unknown
[2025-06-16 18:10:11,508] INFO in __init__ [D:\Dynamic Workflow\workflow-management-system\backend\app\__init__.py:486]: Log level: INFO
[2025-06-16 18:10:11,508] INFO in __init__ [D:\Dynamic Workflow\workflow-management-system\backend\app\__init__.py:487]: Logs directory: logs
[2025-06-16 18:10:30,189] INFO in __init__ [D:\Dynamic Workflow\workflow-management-system\backend\app\__init__.py:484]: Workflow Management System starting up
[2025-06-16 18:10:30,189] INFO in __init__ [D:\Dynamic Workflow\workflow-management-system\backend\app\__init__.py:485]: Environment: unknown
[2025-06-16 18:10:30,189] INFO in __init__ [D:\Dynamic Workflow\workflow-management-system\backend\app\__init__.py:486]: Log level: INFO
[2025-06-16 18:10:30,189] INFO in __init__ [D:\Dynamic Workflow\workflow-management-system\backend\app\__init__.py:487]: Logs directory: logs
[2025-06-16 18:11:45,193] INFO in __init__ [D:\Dynamic Workflow\workflow-management-system\backend\app\__init__.py:484]: Workflow Management System starting up
[2025-06-16 18:11:45,193] INFO in __init__ [D:\Dynamic Workflow\workflow-management-system\backend\app\__init__.py:485]: Environment: unknown
[2025-06-16 18:11:45,193] INFO in __init__ [D:\Dynamic Workflow\workflow-management-system\backend\app\__init__.py:486]: Log level: INFO
[2025-06-16 18:11:45,193] INFO in __init__ [D:\Dynamic Workflow\workflow-management-system\backend\app\__init__.py:487]: Logs directory: logs
[2025-06-16 18:12:08,039] INFO in __init__ [D:\Dynamic Workflow\workflow-management-system\backend\app\__init__.py:484]: Workflow Management System starting up
[2025-06-16 18:12:08,039] INFO in __init__ [D:\Dynamic Workflow\workflow-management-system\backend\app\__init__.py:485]: Environment: unknown
[2025-06-16 18:12:08,039] INFO in __init__ [D:\Dynamic Workflow\workflow-management-system\backend\app\__init__.py:486]: Log level: INFO
[2025-06-16 18:12:08,039] INFO in __init__ [D:\Dynamic Workflow\workflow-management-system\backend\app\__init__.py:487]: Logs directory: logs
[2025-06-16 18:12:21,748] INFO in __init__ [D:\Dynamic Workflow\workflow-management-system\backend\app\__init__.py:484]: Workflow Management System starting up
[2025-06-16 18:12:21,748] INFO in __init__ [D:\Dynamic Workflow\workflow-management-system\backend\app\__init__.py:485]: Environment: unknown
[2025-06-16 18:12:21,748] INFO in __init__ [D:\Dynamic Workflow\workflow-management-system\backend\app\__init__.py:486]: Log level: INFO
[2025-06-16 18:12:21,748] INFO in __init__ [D:\Dynamic Workflow\workflow-management-system\backend\app\__init__.py:487]: Logs directory: logs
[2025-06-16 18:12:38,633] INFO in __init__ [D:\Dynamic Workflow\workflow-management-system\backend\app\__init__.py:484]: Workflow Management System starting up
[2025-06-16 18:12:38,633] INFO in __init__ [D:\Dynamic Workflow\workflow-management-system\backend\app\__init__.py:485]: Environment: unknown
[2025-06-16 18:12:38,633] INFO in __init__ [D:\Dynamic Workflow\workflow-management-system\backend\app\__init__.py:486]: Log level: INFO
[2025-06-16 18:12:38,633] INFO in __init__ [D:\Dynamic Workflow\workflow-management-system\backend\app\__init__.py:487]: Logs directory: logs
[2025-06-16 18:14:16,925] INFO in __init__ [D:\Dynamic Workflow\workflow-management-system\backend\app\__init__.py:484]: Workflow Management System starting up
[2025-06-16 18:14:16,925] INFO in __init__ [D:\Dynamic Workflow\workflow-management-system\backend\app\__init__.py:485]: Environment: unknown
[2025-06-16 18:14:16,941] INFO in __init__ [D:\Dynamic Workflow\workflow-management-system\backend\app\__init__.py:486]: Log level: INFO
[2025-06-16 18:14:16,941] INFO in __init__ [D:\Dynamic Workflow\workflow-management-system\backend\app\__init__.py:487]: Logs directory: logs
[2025-06-16 18:15:12,924] INFO in __init__ [D:\Dynamic Workflow\workflow-management-system\backend\app\__init__.py:484]: Workflow Management System starting up
[2025-06-16 18:15:12,924] INFO in __init__ [D:\Dynamic Workflow\workflow-management-system\backend\app\__init__.py:485]: Environment: unknown
[2025-06-16 18:15:12,924] INFO in __init__ [D:\Dynamic Workflow\workflow-management-system\backend\app\__init__.py:486]: Log level: INFO
[2025-06-16 18:15:12,924] INFO in __init__ [D:\Dynamic Workflow\workflow-management-system\backend\app\__init__.py:487]: Logs directory: logs
[2025-06-16 18:16:16,807] INFO in __init__ [D:\Dynamic Workflow\workflow-management-system\backend\app\__init__.py:484]: Workflow Management System starting up
[2025-06-16 18:16:16,807] INFO in __init__ [D:\Dynamic Workflow\workflow-management-system\backend\app\__init__.py:485]: Environment: unknown
[2025-06-16 18:16:16,807] INFO in __init__ [D:\Dynamic Workflow\workflow-management-system\backend\app\__init__.py:486]: Log level: INFO
[2025-06-16 18:16:16,807] INFO in __init__ [D:\Dynamic Workflow\workflow-management-system\backend\app\__init__.py:487]: Logs directory: logs
[2025-06-16 18:19:30,411] INFO in __init__ [D:\Dynamic Workflow\workflow-management-system\backend\app\__init__.py:484]: Workflow Management System starting up
[2025-06-16 18:19:30,411] INFO in __init__ [D:\Dynamic Workflow\workflow-management-system\backend\app\__init__.py:485]: Environment: unknown
[2025-06-16 18:19:30,411] INFO in __init__ [D:\Dynamic Workflow\workflow-management-system\backend\app\__init__.py:486]: Log level: INFO
[2025-06-16 18:19:30,411] INFO in __init__ [D:\Dynamic Workflow\workflow-management-system\backend\app\__init__.py:487]: Logs directory: logs
[2025-06-16 18:19:38,424] INFO in __init__ [D:\Dynamic Workflow\workflow-management-system\backend\app\__init__.py:484]: Workflow Management System starting up
[2025-06-16 18:19:38,424] INFO in __init__ [D:\Dynamic Workflow\workflow-management-system\backend\app\__init__.py:485]: Environment: unknown
[2025-06-16 18:19:38,424] INFO in __init__ [D:\Dynamic Workflow\workflow-management-system\backend\app\__init__.py:486]: Log level: INFO
[2025-06-16 18:19:38,424] INFO in __init__ [D:\Dynamic Workflow\workflow-management-system\backend\app\__init__.py:487]: Logs directory: logs
[2025-06-16 18:20:40,006] INFO in middleware [D:\Dynamic Workflow\workflow-management-system\backend\app\middleware.py:27]: Request e09e7cde-31be-4cd4-9347-d75239843492: POST /api/workflows/24638fa2-f520-4b71-ad76-e76e3f6d1049/execute from 127.0.0.1
[2025-06-16 18:20:40,083] INFO in workflow_engine [D:\Dynamic Workflow\workflow-management-system\backend\app\services\workflow_engine.py:49]: Start first step is : {'id': 'step_1', 'name': 'First Task', 'type': 'task', 'isStart': True, 'properties': {'assignee': '{{initiator}}', 'dueHours': 24, 'priority': 'medium'}, 'description': 'Complete this task to trigger next step'} for instance a8c71c65-f7c7-453d-9a07-29313445d7a9
[2025-06-16 18:20:40,086] INFO in workflow_engine [D:\Dynamic Workflow\workflow-management-system\backend\app\services\workflow_engine.py:374]: Executing step step_1 of type task for instance a8c71c65-f7c7-453d-9a07-29313445d7a9
[2025-06-16 18:20:40,096] INFO in notification_service [D:\Dynamic Workflow\workflow-management-system\backend\app\services\notification_service.py:269]: Notification sent to user 00000000-0000-0000-0000-000000000001 via ['in_app']
[2025-06-16 18:20:40,096] INFO in workflow_engine [D:\Dynamic Workflow\workflow-management-system\backend\app\services\workflow_engine.py:928]: Created task e05a1660-7e20-4549-a01a-ae67b5860b23 assigned to 00000000-0000-0000-0000-000000000001 for step step_1
[2025-06-16 18:20:40,097] INFO in workflow_engine [D:\Dynamic Workflow\workflow-management-system\backend\app\services\workflow_engine.py:59]: End of executed firs step is : {'id': 'step_1', 'name': 'First Task', 'type': 'task', 'isStart': True, 'properties': {'assignee': '{{initiator}}', 'dueHours': 24, 'priority': 'medium'}, 'description': 'Complete this task to trigger next step'} for instance a8c71c65-f7c7-453d-9a07-29313445d7a9
[2025-06-16 18:20:40,102] INFO in middleware [D:\Dynamic Workflow\workflow-management-system\backend\app\middleware.py:68]: Response e09e7cde-31be-4cd4-9347-d75239843492: 201 (0.097s) User: admin
[2025-06-16 18:26:08,582] INFO in middleware [D:\Dynamic Workflow\workflow-management-system\backend\app\middleware.py:27]: Request f215d106-e0cd-4434-a7a7-be4991095d7b: POST /api/tasks/e05a1660-7e20-4549-a01a-ae67b5860b23/complete from 127.0.0.1
[2025-06-16 18:26:08,622] INFO in tasks [D:\Dynamic Workflow\workflow-management-system\backend\app\blueprints\tasks.py:612]: === COMPLETING TASK e05a1660-7e20-4549-a01a-ae67b5860b23 ===
[2025-06-16 18:26:08,622] INFO in tasks [D:\Dynamic Workflow\workflow-management-system\backend\app\blueprints\tasks.py:613]: User: 00000000-0000-0000-0000-000000000001, Data: {'result': {'decision': 'submitted', 'priority': 'high', 'notes': 'Urgent request for upcoming project deadline 23'}}
[2025-06-16 18:26:08,624] INFO in tasks [D:\Dynamic Workflow\workflow-management-system\backend\app\blueprints\tasks.py:625]: Task found: {'id': 'e05a1660-7e20-4549-a01a-ae67b5860b23', 'status': 'pending', 'assigned_to': '00000000-0000-0000-0000-000000000001', 'form_id': None, 'workflow_instance_id': 'a8c71c65-f7c7-453d-9a07-29313445d7a9', 'step_id': 'step_1'}
[2025-06-16 18:26:08,770] INFO in tasks [D:\Dynamic Workflow\workflow-management-system\backend\app\blueprints\tasks.py:694]: Attempting to advance workflow...
[2025-06-16 18:26:08,771] INFO in workflow_engine [D:\Dynamic Workflow\workflow-management-system\backend\app\services\workflow_engine.py:80]: === STARTING TASK COMPLETION ===
[2025-06-16 18:26:08,771] INFO in workflow_engine [D:\Dynamic Workflow\workflow-management-system\backend\app\services\workflow_engine.py:81]: Task ID: e05a1660-7e20-4549-a01a-ae67b5860b23
[2025-06-16 18:26:08,771] INFO in workflow_engine [D:\Dynamic Workflow\workflow-management-system\backend\app\services\workflow_engine.py:82]: Completed by: 00000000-0000-0000-0000-000000000001
[2025-06-16 18:26:08,771] INFO in workflow_engine [D:\Dynamic Workflow\workflow-management-system\backend\app\services\workflow_engine.py:83]: Result data: {'decision': 'submitted', 'priority': 'high', 'notes': 'Urgent request for upcoming project deadline 23'}
[2025-06-16 18:26:08,772] INFO in workflow_engine [D:\Dynamic Workflow\workflow-management-system\backend\app\services\workflow_engine.py:90]: Task found: RealDictRow({'id': 'e05a1660-7e20-4549-a01a-ae67b5860b23', 'workflow_instance_id': 'a8c71c65-f7c7-453d-9a07-29313445d7a9', 'step_id': 'step_1', 'status': 'completed', 'assigned_to': '00000000-0000-0000-0000-000000000001'})
[2025-06-16 18:26:08,783] INFO in workflow_engine [D:\Dynamic Workflow\workflow-management-system\backend\app\services\workflow_engine.py:104]: Workflow instance: a8c71c65-f7c7-453d-9a07-29313445d7a9, Status: in_progress
[2025-06-16 18:26:08,785] INFO in workflow_engine [D:\Dynamic Workflow\workflow-management-system\backend\app\services\workflow_engine.py:111]: Workflow: Simple Test Workflow
[2025-06-16 18:26:08,785] INFO in workflow_engine [D:\Dynamic Workflow\workflow-management-system\backend\app\services\workflow_engine.py:123]: Workflow steps: ['step_1', 'step_2']
[2025-06-16 18:26:08,785] INFO in workflow_engine [D:\Dynamic Workflow\workflow-management-system\backend\app\services\workflow_engine.py:124]: Workflow transitions: []
[2025-06-16 18:26:08,786] INFO in workflow_engine [D:\Dynamic Workflow\workflow-management-system\backend\app\services\workflow_engine.py:159]: === FINDING NEXT STEP ===
[2025-06-16 18:26:08,786] INFO in workflow_engine [D:\Dynamic Workflow\workflow-management-system\backend\app\services\workflow_engine.py:160]: Current step: step_1
[2025-06-16 18:26:08,786] INFO in workflow_engine [D:\Dynamic Workflow\workflow-management-system\backend\app\services\workflow_engine.py:186]: --- Finding next step from 'step_1' ---
[2025-06-16 18:26:08,786] INFO in workflow_engine [D:\Dynamic Workflow\workflow-management-system\backend\app\services\workflow_engine.py:191]: Available steps: ['step_1', 'step_2']
[2025-06-16 18:26:08,786] INFO in workflow_engine [D:\Dynamic Workflow\workflow-management-system\backend\app\services\workflow_engine.py:192]: All transitions: []
[2025-06-16 18:26:08,786] INFO in workflow_engine [D:\Dynamic Workflow\workflow-management-system\backend\app\services\workflow_engine.py:193]: Result data for evaluation: {'decision': 'submitted', 'priority': 'high', 'notes': 'Urgent request for upcoming project deadline 23'}
[2025-06-16 18:26:08,786] INFO in workflow_engine [D:\Dynamic Workflow\workflow-management-system\backend\app\services\workflow_engine.py:197]: Transitions from 'step_1': []
[2025-06-16 18:26:08,796] INFO in workflow_engine [D:\Dynamic Workflow\workflow-management-system\backend\app\services\workflow_engine.py:173]: No next step found - completing workflow
[2025-06-16 18:26:08,806] INFO in notification_service [D:\Dynamic Workflow\workflow-management-system\backend\app\services\notification_service.py:269]: Notification sent to user 00000000-0000-0000-0000-000000000001 via ['in_app']
[2025-06-16 18:26:08,811] INFO in workflow_engine [D:\Dynamic Workflow\workflow-management-system\backend\app\services\workflow_engine.py:177]: === TASK COMPLETION FINISHED ===
[2025-06-16 18:26:08,823] INFO in middleware [D:\Dynamic Workflow\workflow-management-system\backend\app\middleware.py:68]: Response f215d106-e0cd-4434-a7a7-be4991095d7b: 200 (0.241s) User: admin
